<?xml version="1.0" encoding="UTF-8"?>
<!-- Generated by org.testng.reporters.JUnitReportReporter -->
<testsuite skipped="4" hostname="HIBACL56898" name="framework.SearchTest" tests="5" failures="0" timestamp="2020-07-28T10:12:09 IST" time="-1595911296.000" errors="1">
  <testcase name="startAppiumServer" time="-1595911296.000" classname="framework.SearchTest">
    <error type="org.testng.TestNGException" message="
Parameter &#039;portNumber&#039; is required by BeforeSuite on method startAppiumServer but has not been marked @Optional or defined
in C:\Users\akumsrivasta\git\AppiumParallelExecution\AppiumDemo\testngPara.xml">
      <![CDATA[org.testng.TestNGException: 
Parameter 'portNumber' is required by BeforeSuite on method startAppiumServer but has not been marked @Optional or defined
in C:\Users\akumsrivasta\git\AppiumParallelExecution\AppiumDemo\testngPara.xml
at org.testng.internal.Parameters.createParams(Parameters.java:289)
at org.testng.internal.Parameters.createParametersForMethod(Parameters.java:377)
at org.testng.internal.Parameters.createParameters(Parameters.java:721)
at org.testng.internal.Parameters.createConfigurationParameters(Parameters.java:164)
at org.testng.internal.ConfigInvoker.invokeConfigurations(ConfigInvoker.java:275)
at org.testng.SuiteRunner.privateRun(SuiteRunner.java:345)
at org.testng.SuiteRunner.run(SuiteRunner.java:304)
at org.testng.SuiteRunnerWorker.runSuite(SuiteRunnerWorker.java:53)
at org.testng.SuiteRunnerWorker.run(SuiteRunnerWorker.java:96)
at org.testng.TestNG.runSuitesSequentially(TestNG.java:1180)
at org.testng.TestNG.runSuitesLocally(TestNG.java:1102)
at org.testng.TestNG.runSuites(TestNG.java:1032)
at org.testng.TestNG.run(TestNG.java:1000)
at org.testng.remote.AbstractRemoteTestNG.run(AbstractRemoteTestNG.java:115)
at org.testng.remote.RemoteTestNG.initAndRun(RemoteTestNG.java:251)
at org.testng.remote.RemoteTestNG.main(RemoteTestNG.java:77)
]]>
    </error>
  </testcase> <!-- startAppiumServer -->
  <testcase name="sampleFailTestCase" time="0.000" classname="framework.SearchTest">
    <skipped/>
  </testcase> <!-- sampleFailTestCase -->
  <testcase name="samplePassTestCase" time="0.000" classname="framework.SearchTest">
    <skipped/>
  </testcase> <!-- samplePassTestCase -->
  <testcase name="sampleFailTestCase" time="0.000" classname="framework.SearchTest">
    <skipped/>
  </testcase> <!-- sampleFailTestCase -->
  <testcase name="samplePassTestCase" time="0.000" classname="framework.SearchTest">
    <skipped/>
  </testcase> <!-- samplePassTestCase -->
</testsuite> <!-- framework.SearchTest -->
